[24Jun2025 00:01:47.996] [Server thread/INFO] [net.minecraft.server.MinecraftServer/]: elpepe has made the advancement [Wax Off]
[24Jun2025 00:01:54.684] [Server thread/WARN] [tombstone/]: The death event of the player elpepe was canceled by another mod
[24Jun2025 00:01:54.699] [Server thread/INFO] [tombstone/]: The player elpepe has successfully been saved
[24Jun2025 00:02:47.507] [Server thread/INFO] [net.minecraft.server.MinecraftServer/]: CHUCHIXD has made the advancement [Getting an Upgrade]
[24Jun2025 00:02:54.642] [Server thread/INFO] [net.minecraft.server.MinecraftServer/]: elpepe was slain by Skeleton
[24Jun2025 00:04:37.544] [Server thread/WARN] [tombstone/]: The death event of the player elpepe was canceled by another mod
[24Jun2025 00:04:37.550] [Server thread/INFO] [tombstone/]: The player elpepe has successfully been saved
[24Jun2025 00:04:38.343] [Server thread/INFO] [net.minecraft.server.MinecraftServer/]: elpepe went off with a bang
[24Jun2025 00:04:38.351] [Server thread/INFO] [tombstone/]: The player elpepe has successfully been saved
[24Jun2025 00:05:25.580] [Server thread/WARN] [tombstone/]: The death event of the player elpepe was canceled by another mod
[24Jun2025 00:05:25.594] [Server thread/INFO] [tombstone/]: The player elpepe has successfully been saved
[24Jun2025 00:05:32.189] [Server thread/INFO] [net.minecraft.server.MinecraftServer/]: elpepe went off with a bang
[24Jun2025 00:05:32.196] [Server thread/INFO] [tombstone/]: The player elpepe has successfully been saved
[24Jun2025 00:06:09.393] [Server thread/INFO] [net.minecraft.server.MinecraftServer/]: CHUCHIXD has made the advancement [Diamonds!]
[24Jun2025 00:07:07.088] [Server thread/INFO] [net.minecraft.server.MinecraftServer/]: JAGlitsh has made the advancement [Alex's Caves]
[24Jun2025 00:09:24.043] [Server thread/INFO] [net.minecraft.server.MinecraftServer/]: [Not Secure] <Misterchuwa> gg
[24Jun2025 00:09:46.105] [Server thread/INFO] [net.minecraft.server.MinecraftServer/]: [Not Secure] <Misterchuwa> gg
[24Jun2025 00:09:57.640] [Server thread/INFO] [net.minecraft.server.network.ServerGamePacketListenerImpl/]: Misterchuwa lost connection: Timed out
[24Jun2025 00:09:57.640] [Server thread/INFO] [net.minecraft.server.MinecraftServer/]: Misterchuwa left the game
[24Jun2025 00:10:33.100] [Server thread/INFO] [net.minecraft.server.players.PlayerList/]: Misterchuwa[/100.99.92.13:61287] logged in with entity id 75825 at (-483.30000001192093, -31.0, 1049.300000011921)
[24Jun2025 00:10:33.107] [Server thread/INFO] [net.minecraft.server.MinecraftServer/]: Misterchuwa joined the game
[24Jun2025 00:10:55.602] [Server thread/INFO] [net.minecraft.server.MinecraftServer/]: [Not Secure] <Misterchuwa> gg
[24Jun2025 00:11:01.351] [Server thread/INFO] [net.minecraft.server.network.ServerGamePacketListenerImpl/]: Misterchuwa lost connection: Disconnected
[24Jun2025 00:11:01.351] [Server thread/INFO] [net.minecraft.server.MinecraftServer/]: Misterchuwa left the game
[24Jun2025 00:11:47.875] [Server thread/WARN] [tombstone/]: The death event of the player elpepe was canceled by another mod
[24Jun2025 00:11:47.891] [Server thread/INFO] [tombstone/]: The player elpepe has successfully been saved
[24Jun2025 00:12:02.839] [Server thread/INFO] [net.minecraft.server.MinecraftServer/]: elpepe was slain by Skeleton
[24Jun2025 00:12:06.653] [Server thread/INFO] [net.minecraft.server.players.PlayerList/]: Misterchuwa[/100.99.92.13:61346] logged in with entity id 76877 at (-483.30000001192093, -31.0, 1049.300000011921)
[24Jun2025 00:12:06.660] [Server thread/INFO] [net.minecraft.server.MinecraftServer/]: Misterchuwa joined the game
[24Jun2025 00:12:15.794] [Server thread/INFO] [net.minecraft.server.MinecraftServer/]: [Not Secure] <Misterchuwa> gg
[24Jun2025 00:12:34.047] [Server thread/INFO] [net.minecraft.server.MinecraftServer/]: [Not Secure] <Misterchuwa> g
[24Jun2025 00:12:36.744] [Server thread/INFO] [net.minecraft.server.network.ServerGamePacketListenerImpl/]: Misterchuwa lost connection: Timed out
[24Jun2025 00:12:36.745] [Server thread/INFO] [net.minecraft.server.MinecraftServer/]: Misterchuwa left the game
